#
# There is insufficient memory for the Java Runtime Environment to continue.
# Native memory allocation (malloc) failed to allocate 32744 bytes for ChunkPool::allocate
# Possible reasons:
#   The system is out of physical RAM or swap space
#   In 32 bit mode, the process size limit was hit
# Possible solutions:
#   Reduce memory load on the system
#   Increase physical memory or swap space
#   Check if swap backing store is full
#   Use 64 bit Java on a 64 bit OS
#   Decrease Java heap size (-Xmx/-Xms)
#   Decrease number of Java threads
#   Decrease Java thread stack sizes (-Xss)
#   Set larger code cache with -XX:ReservedCodeCacheSize=
# This output file may be truncated or incomplete.
#
#  Out of Memory Error (allocation.cpp:273), pid=33660, tid=0x0000000000007cdc
#
# JRE version: Java(TM) SE Runtime Environment (8.0_171-b11) (build 1.8.0_171-b11)
# Java VM: Java HotSpot(TM) 64-Bit Server VM (25.171-b11 mixed mode windows-amd64 compressed oops)
# Failed to write core dump. Minidumps are not enabled by default on client versions of Windows
#

---------------  T H R E A D  ---------------

Current thread (0x000000001ad3e800):  JavaThread "C2 CompilerThread0" daemon [_thread_in_native, id=31964, stack(0x000000001b560000,0x000000001b660000)]

Stack: [0x000000001b560000,0x000000001b660000]
[error occurred during error reporting (printing stack bounds), id 0xc0000005]

Native frames: (J=compiled Java code, j=interpreted, Vv=VM code, C=native code)


Current CompileTask:
C2: 418815 9562       4       org.eclipse.jdt.internal.core.JarPackageFragmentRoot::initRawPackageInfo (349 bytes)


---------------  P R O C E S S  ---------------

Java Threads: ( => current thread )
  0x000000001ee3c800 JavaThread "ForkJoinPool.commonPool-worker-3" daemon [_thread_blocked, id=37196, stack(0x0000000025450000,0x0000000025550000)]
  0x000000001ee3f800 JavaThread "ForkJoinPool.commonPool-worker-2" daemon [_thread_blocked, id=24836, stack(0x0000000025150000,0x0000000025250000)]
  0x000000001f551000 JavaThread "ForkJoinPool.commonPool-worker-1" daemon [_thread_blocked, id=25996, stack(0x0000000025050000,0x0000000025150000)]
  0x000000001f550800 JavaThread "Worker-5" [_thread_blocked, id=31784, stack(0x0000000024f50000,0x0000000025050000)]
  0x000000001f553800 JavaThread "OkHttp ConnectionPool" daemon [_thread_blocked, id=38068, stack(0x0000000024e50000,0x0000000024f50000)]
  0x000000001f54f800 JavaThread "Okio Watchdog" daemon [_thread_blocked, id=32144, stack(0x0000000024c50000,0x0000000024d50000)]
  0x000000001f54e000 JavaThread "OkHttp ConnectionPool" daemon [_thread_blocked, id=33588, stack(0x0000000024b50000,0x0000000024c50000)]
  0x000000001f54d800 JavaThread "Worker-4: Java indexing... " [_thread_blocked, id=38144, stack(0x0000000021820000,0x0000000021920000)]
  0x0000000020374000 JavaThread "Worker-3: Initialize workspace" [_thread_blocked, id=32056, stack(0x0000000021490000,0x0000000021590000)]
  0x000000001c8a5800 JavaThread "Worker-2: Updating Maven Dependencies" [_thread_blocked, id=35528, stack(0x0000000021390000,0x0000000021490000)]
  0x000000001f293800 JavaThread "pool-1-thread-1" [_thread_in_native, id=36116, stack(0x000000001feb0000,0x000000001ffb0000)]
  0x000000001cd22800 JavaThread "Bundle File Closer" daemon [_thread_blocked, id=29868, stack(0x000000001e5e0000,0x000000001e6e0000)]
  0x000000001cb62800 JavaThread "Java indexing" daemon [_thread_blocked, id=35480, stack(0x000000001e4e0000,0x000000001e5e0000)]
  0x000000001c43b000 JavaThread "Worker-1: Validate documents" [_thread_in_vm, id=41280, stack(0x000000001e1e0000,0x000000001e2e0000)]
  0x000000001af5e000 JavaThread "Worker-0" [_thread_blocked, id=39948, stack(0x000000001e0e0000,0x000000001e1e0000)]
  0x000000001c6eb000 JavaThread "Worker-JM" [_thread_blocked, id=33280, stack(0x000000001dde0000,0x000000001dee0000)]
  0x000000001bd41000 JavaThread "Start Level: Equinox Container: a87f6c2f-05bb-4c4d-9e91-a9d40c27f3f1" daemon [_thread_blocked, id=33680, stack(0x000000001d4e0000,0x000000001d5e0000)]
  0x000000001bd40000 JavaThread "Framework Event Dispatcher: Equinox Container: a87f6c2f-05bb-4c4d-9e91-a9d40c27f3f1" daemon [_thread_blocked, id=41400, stack(0x000000001d3e0000,0x000000001d4e0000)]
  0x000000001c55e800 JavaThread "Active Thread: Equinox Container: a87f6c2f-05bb-4c4d-9e91-a9d40c27f3f1" [_thread_blocked, id=32344, stack(0x000000001d2e0000,0x000000001d3e0000)]
  0x000000001adbb000 JavaThread "Service Thread" daemon [_thread_blocked, id=41196, stack(0x000000001b860000,0x000000001b960000)]
  0x000000001ad42000 JavaThread "C1 CompilerThread2" daemon [_thread_in_native, id=37840, stack(0x000000001b760000,0x000000001b860000)]
  0x000000001ad3f000 JavaThread "C2 CompilerThread1" daemon [_thread_in_native, id=39772, stack(0x000000001b660000,0x000000001b760000)]
=>0x000000001ad3e800 JavaThread "C2 CompilerThread0" daemon [_thread_in_native, id=31964, stack(0x000000001b560000,0x000000001b660000)]
  0x000000001ad3d800 JavaThread "Attach Listener" daemon [_thread_blocked, id=31372, stack(0x000000001b460000,0x000000001b560000)]
  0x000000001ad24800 JavaThread "Signal Dispatcher" daemon [_thread_blocked, id=21268, stack(0x000000001b360000,0x000000001b460000)]
  0x000000001ad37000 JavaThread "Surrogate Locker Thread (Concurrent GC)" daemon [_thread_blocked, id=41580, stack(0x000000001b260000,0x000000001b360000)]
  0x000000001a023000 JavaThread "Finalizer" daemon [_thread_blocked, id=15412, stack(0x000000001b160000,0x000000001b260000)]
  0x000000001a01d000 JavaThread "Reference Handler" daemon [_thread_blocked, id=27480, stack(0x000000001b060000,0x000000001b160000)]
  0x000000000500e800 JavaThread "main" [_thread_blocked, id=39924, stack(0x0000000004ea0000,0x0000000004fa0000)]

Other Threads:
  0x000000001a019000 VMThread [stack: 0x000000001af60000,0x000000001b060000] [id=36060]
  0x000000001adbf800 WatcherThread [stack: 0x000000001b960000,0x000000001ba60000] [id=30912]

VM state:not at safepoint (normal execution)

VM Mutex/Monitor currently owned by a thread: None

Heap:
 garbage-first heap   total 297984K, used 165888K [0x00000000c0000000, 0x00000000c0100918, 0x0000000100000000)
  region size 1024K, 78 young (79872K), 3 survivors (3072K)
 Metaspace       used 51940K, capacity 54720K, committed 54812K, reserved 1097728K
  class space    used 5278K, capacity 6164K, committed 6220K, reserved 1048576K

Heap Regions: (Y=young(eden), SU=young(survivor), HS=humongous(starts), HC=humongous(continues), CS=collection set, F=free, TS=gc time stamp, PTAMS=previous top-at-mark-start, NTAMS=next top-at-mark-start)
AC   0  O    TS     0 PTAMS 0x00000000c0100000 NTAMS 0x00000000c0100000 space 1024K, 100% used [0x00000000c0000000, 0x00000000c0100000)
AC   0  O    TS     0 PTAMS 0x00000000c0200000 NTAMS 0x00000000c0200000 space 1024K, 100% used [0x00000000c0100000, 0x00000000c0200000)
AC   0  O    TS     0 PTAMS 0x00000000c0300000 NTAMS 0x00000000c0300000 space 1024K, 100% used [0x00000000c0200000, 0x00000000c0300000)
AC   0  O    TS     0 PTAMS 0x00000000c0400000 NTAMS 0x00000000c0400000 space 1024K, 100% used [0x00000000c0300000, 0x00000000c0400000)
AC   0  O    TS     0 PTAMS 0x00000000c0500000 NTAMS 0x00000000c0500000 space 1024K, 100% used [0x00000000c0400000, 0x00000000c0500000)
AC   0  O    TS     0 PTAMS 0x00000000c0600000 NTAMS 0x00000000c0600000 space 1024K, 100% used [0x00000000c0500000, 0x00000000c0600000)
AC   0  O    TS     0 PTAMS 0x00000000c0700000 NTAMS 0x00000000c0700000 space 1024K, 100% used [0x00000000c0600000, 0x00000000c0700000)
AC   0  O    TS     0 PTAMS 0x00000000c0800000 NTAMS 0x00000000c0800000 space 1024K, 100% used [0x00000000c0700000, 0x00000000c0800000)
AC   0  O    TS     0 PTAMS 0x00000000c0900000 NTAMS 0x00000000c0900000 space 1024K, 100% used [0x00000000c0800000, 0x00000000c0900000)
AC   0  O    TS     0 PTAMS 0x00000000c0a00000 NTAMS 0x00000000c0a00000 space 1024K, 100% used [0x00000000c0900000, 0x00000000c0a00000)
AC   0 HS    TS     0 PTAMS 0x00000000c0a80010 NTAMS 0x00000000c0a80010 space 1024K,  50% used [0x00000000c0a00000, 0x00000000c0b00000)
AC   0  O    TS     0 PTAMS 0x00000000c0c00000 NTAMS 0x00000000c0c00000 space 1024K, 100% used [0x00000000c0b00000, 0x00000000c0c00000)
AC   0  O    TS     0 PTAMS 0x00000000c0d00000 NTAMS 0x00000000c0d00000 space 1024K, 100% used [0x00000000c0c00000, 0x00000000c0d00000)
AC   0  O    TS     0 PTAMS 0x00000000c0e00000 NTAMS 0x00000000c0e00000 space 1024K, 100% used [0x00000000c0d00000, 0x00000000c0e00000)
AC   0  O    TS     0 PTAMS 0x00000000c0f00000 NTAMS 0x00000000c0f00000 space 1024K, 100% used [0x00000000c0e00000, 0x00000000c0f00000)
AC   0  O    TS     0 PTAMS 0x00000000c1000000 NTAMS 0x00000000c1000000 space 1024K, 100% used [0x00000000c0f00000, 0x00000000c1000000)
AC   0  F    TS     0 PTAMS 0x00000000c1000000 NTAMS 0x00000000c1000000 space 1024K,   0% used [0x00000000c1000000, 0x00000000c1100000)
AC   0  O    TS     1 PTAMS 0x00000000c1162400 NTAMS 0x00000000c1162400 space 1024K, 100% used [0x00000000c1100000, 0x00000000c1200000)
AC   0  O    TS     1 PTAMS 0x00000000c1200000 NTAMS 0x00000000c1200000 space 1024K, 100% used [0x00000000c1200000, 0x00000000c1300000)
AC   0  O    TS     1 PTAMS 0x00000000c1300000 NTAMS 0x00000000c1300000 space 1024K, 100% used [0x00000000c1300000, 0x00000000c1400000)
AC   0  F    TS     0 PTAMS 0x00000000c1400000 NTAMS 0x00000000c1400000 space 1024K,   0% used [0x00000000c1400000, 0x00000000c1500000)
AC   0  F    TS     0 PTAMS 0x00000000c1500000 NTAMS 0x00000000c1500000 space 1024K,   0% used [0x00000000c1500000, 0x00000000c1600000)
AC   0  O    TS     1 PTAMS 0x00000000c1600000 NTAMS 0x00000000c1600000 space 1024K, 100% used [0x00000000c1600000, 0x00000000c1700000)
AC   0  O    TS     1 PTAMS 0x00000000c1700000 NTAMS 0x00000000c1700000 space 1024K, 100% used [0x00000000c1700000, 0x00000000c1800000)
AC   0  O    TS     0 PTAMS 0x00000000c1900000 NTAMS 0x00000000c1900000 space 1024K, 100% used [0x00000000c1800000, 0x00000000c1900000)
AC   0  O    TS     0 PTAMS 0x00000000c1a00000 NTAMS 0x00000000c1a00000 space 1024K, 100% used [0x00000000c1900000, 0x00000000c1a00000)
AC   0  F    TS     1 PTAMS 0x00000000c1a00000 NTAMS 0x00000000c1a00000 space 1024K,   0% used [0x00000000c1a00000, 0x00000000c1b00000)
AC   0  O    TS     0 PTAMS 0x00000000c1c00000 NTAMS 0x00000000c1c00000 space 1024K, 100% used [0x00000000c1b00000, 0x00000000c1c00000)
AC   0  O    TS     0 PTAMS 0x00000000c1d00000 NTAMS 0x00000000c1d00000 space 1024K, 100% used [0x00000000c1c00000, 0x00000000c1d00000)
AC   0  O    TS     0 PTAMS 0x00000000c1e00000 NTAMS 0x00000000c1e00000 space 1024K, 100% used [0x00000000c1d00000, 0x00000000c1e00000)
AC   0  O    TS     3 PTAMS 0x00000000c1e00000 NTAMS 0x00000000c1e00000 space 1024K, 100% used [0x00000000c1e00000, 0x00000000c1f00000)
AC   0  O    TS     3 PTAMS 0x00000000c1f00000 NTAMS 0x00000000c1f00000 space 1024K, 100% used [0x00000000c1f00000, 0x00000000c2000000)
AC   0  F    TS     0 PTAMS 0x00000000c2000000 NTAMS 0x00000000c2000000 space 1024K,   0% used [0x00000000c2000000, 0x00000000c2100000)
AC   0  F    TS     1 PTAMS 0x00000000c2100000 NTAMS 0x00000000c2100000 space 1024K,   0% used [0x00000000c2100000, 0x00000000c2200000)
AC   0  F    TS     1 PTAMS 0x00000000c2200000 NTAMS 0x00000000c2200000 space 1024K,   0% used [0x00000000c2200000, 0x00000000c2300000)
AC   0  F    TS     1 PTAMS 0x00000000c2300000 NTAMS 0x00000000c2300000 space 1024K,   0% used [0x00000000c2300000, 0x00000000c2400000)
AC   0  F    TS     1 PTAMS 0x00000000c2400000 NTAMS 0x00000000c2400000 space 1024K,   0% used [0x00000000c2400000, 0x00000000c2500000)
AC   0  O    TS     3 PTAMS 0x00000000c2500000 NTAMS 0x00000000c2500000 space 1024K, 100% used [0x00000000c2500000, 0x00000000c2600000)
AC   0  O    TS     3 PTAMS 0x00000000c2600000 NTAMS 0x00000000c2600000 space 1024K, 100% used [0x00000000c2600000, 0x00000000c2700000)
AC   0  O    TS     0 PTAMS 0x00000000c2800000 NTAMS 0x00000000c2800000 space 1024K, 100% used [0x00000000c2700000, 0x00000000c2800000)
AC   0  F    TS     1 PTAMS 0x00000000c2800000 NTAMS 0x00000000c2800000 space 1024K,   0% used [0x00000000c2800000, 0x00000000c2900000)
AC   0  O    TS     0 PTAMS 0x00000000c2a00000 NTAMS 0x00000000c2a00000 space 1024K, 100% used [0x00000000c2900000, 0x00000000c2a00000)
AC   0  F    TS     1 PTAMS 0x00000000c2a00000 NTAMS 0x00000000c2a00000 space 1024K,   0% used [0x00000000c2a00000, 0x00000000c2b00000)
AC   0  F    TS     1 PTAMS 0x00000000c2b00000 NTAMS 0x00000000c2b00000 space 1024K,   0% used [0x00000000c2b00000, 0x00000000c2c00000)
AC   0  F    TS     0 PTAMS 0x00000000c2c00000 NTAMS 0x00000000c2c00000 space 1024K,   0% used [0x00000000c2c00000, 0x00000000c2d00000)
AC   0  F    TS     1 PTAMS 0x00000000c2d00000 NTAMS 0x00000000c2d00000 space 1024K,   0% used [0x00000000c2d00000, 0x00000000c2e00000)
AC   0  F    TS     1 PTAMS 0x00000000c2e00000 NTAMS 0x00000000c2e00000 space 1024K,   0% used [0x00000000c2e00000, 0x00000000c2f00000)
AC   0  O    TS     0 PTAMS 0x00000000c3000000 NTAMS 0x00000000c3000000 space 1024K, 100% used [0x00000000c2f00000, 0x00000000c3000000)
AC   0  O    TS     0 PTAMS 0x00000000c3100000 NTAMS 0x00000000c3100000 space 1024K, 100% used [0x00000000c3000000, 0x00000000c3100000)
AC   0  F    TS     1 PTAMS 0x00000000c3100000 NTAMS 0x00000000c3100000 space 1024K,   0% used [0x00000000c3100000, 0x00000000c3200000)
AC   0  F    TS     1 PTAMS 0x00000000c3200000 NTAMS 0x00000000c3200000 space 1024K,   0% used [0x00000000c3200000, 0x00000000c3300000)
AC   0  F    TS     1 PTAMS 0x00000000c3300000 NTAMS 0x00000000c3300000 space 1024K,   0% used [0x00000000c3300000, 0x00000000c3400000)
AC   0  F    TS     0 PTAMS 0x00000000c3400000 NTAMS 0x00000000c3400000 space 1024K,   0% used [0x00000000c3400000, 0x00000000c3500000)
AC   0  F    TS     1 PTAMS 0x00000000c3500000 NTAMS 0x00000000c3500000 space 1024K,   0% used [0x00000000c3500000, 0x00000000c3600000)
AC   0  F    TS     1 PTAMS 0x00000000c3600000 NTAMS 0x00000000c3600000 space 1024K,   0% used [0x00000000c3600000, 0x00000000c3700000)
AC   0  F    TS     1 PTAMS 0x00000000c3700000 NTAMS 0x00000000c3700000 space 1024K,   0% used [0x00000000c3700000, 0x00000000c3800000)
AC   0  F    TS     0 PTAMS 0x00000000c3800000 NTAMS 0x00000000c3800000 space 1024K,   0% used [0x00000000c3800000, 0x00000000c3900000)
AC   0  F    TS     0 PTAMS 0x00000000c3900000 NTAMS 0x00000000c3900000 space 1024K,   0% used [0x00000000c3900000, 0x00000000c3a00000)
AC   0  F    TS     0 PTAMS 0x00000000c3a00000 NTAMS 0x00000000c3a00000 space 1024K,   0% used [0x00000000c3a00000, 0x00000000c3b00000)
AC   0  F    TS     0 PTAMS 0x00000000c3b00000 NTAMS 0x00000000c3b00000 space 1024K,   0% used [0x00000000c3b00000, 0x00000000c3c00000)
AC   0  O    TS     0 PTAMS 0x00000000c3d00000 NTAMS 0x00000000c3d00000 space 1024K, 100% used [0x00000000c3c00000, 0x00000000c3d00000)
AC   0  F    TS     1 PTAMS 0x00000000c3d00000 NTAMS 0x00000000c3d00000 space 1024K,   0% used [0x00000000c3d00000, 0x00000000c3e00000)
AC   0  F    TS     1 PTAMS 0x00000000c3e00000 NTAMS 0x00000000c3e00000 space 1024K,   0% used [0x00000000c3e00000, 0x00000000c3f00000)
AC   0  O    TS     3 PTAMS 0x00000000c3f00000 NTAMS 0x00000000c3f00000 space 1024K, 100% used [0x00000000c3f00000, 0x00000000c4000000)
AC   0  O    TS     3 PTAMS 0x00000000c4000000 NTAMS 0x00000000c4000000 space 1024K, 100% used [0x00000000c4000000, 0x00000000c4100000)
AC   0  O    TS     3 PTAMS 0x00000000c4100000 NTAMS 0x00000000c4100000 space 1024K, 100% used [0x00000000c4100000, 0x00000000c4200000)
AC   0  O    TS     3 PTAMS 0x00000000c4200000 NTAMS 0x00000000c4200000 space 1024K, 100% used [0x00000000c4200000, 0x00000000c4300000)
AC   0  O    TS     3 PTAMS 0x00000000c4300000 NTAMS 0x00000000c4300000 space 1024K, 100% used [0x00000000c4300000, 0x00000000c4400000)
AC   0  O    TS     3 PTAMS 0x00000000c4400000 NTAMS 0x00000000c4400000 space 1024K, 100% used [0x00000000c4400000, 0x00000000c4500000)
AC   0  O    TS     3 PTAMS 0x00000000c4500000 NTAMS 0x00000000c4500000 space 1024K, 100% used [0x00000000c4500000, 0x00000000c4600000)
AC   0  O    TS     3 PTAMS 0x00000000c4600000 NTAMS 0x00000000c4600000 space 1024K, 100% used [0x00000000c4600000, 0x00000000c4700000)
AC   0  F    TS     0 PTAMS 0x00000000c4700000 NTAMS 0x00000000c4700000 space 1024K,   0% used [0x00000000c4700000, 0x00000000c4800000)
AC   0  O    TS     3 PTAMS 0x00000000c4800000 NTAMS 0x00000000c4800000 space 1024K, 100% used [0x00000000c4800000, 0x00000000c4900000)
AC   0  O    TS     3 PTAMS 0x00000000c4900000 NTAMS 0x00000000c4900000 space 1024K, 100% used [0x00000000c4900000, 0x00000000c4a00000)
AC   0  O    TS     3 PTAMS 0x00000000c4a00000 NTAMS 0x00000000c4a00000 space 1024K, 100% used [0x00000000c4a00000, 0x00000000c4b00000)
AC   0  O    TS     3 PTAMS 0x00000000c4b00000 NTAMS 0x00000000c4b00000 space 1024K, 100% used [0x00000000c4b00000, 0x00000000c4c00000)
AC   0  O    TS     3 PTAMS 0x00000000c4c00000 NTAMS 0x00000000c4c00000 space 1024K, 100% used [0x00000000c4c00000, 0x00000000c4d00000)
AC   0  O    TS     3 PTAMS 0x00000000c4d00000 NTAMS 0x00000000c4d00000 space 1024K, 100% used [0x00000000c4d00000, 0x00000000c4e00000)
AC   0  O    TS     3 PTAMS 0x00000000c4e00000 NTAMS 0x00000000c4e00000 space 1024K, 100% used [0x00000000c4e00000, 0x00000000c4f00000)
AC   0  O    TS     3 PTAMS 0x00000000c4f00000 NTAMS 0x00000000c4f00000 space 1024K, 100% used [0x00000000c4f00000, 0x00000000c5000000)
AC   0  O    TS     3 PTAMS 0x00000000c5000000 NTAMS 0x00000000c5000000 space 1024K, 100% used [0x00000000c5000000, 0x00000000c5100000)
AC   0  F    TS     0 PTAMS 0x00000000c5100000 NTAMS 0x00000000c5100000 space 1024K,   0% used [0x00000000c5100000, 0x00000000c5200000)
AC   0  F    TS     0 PTAMS 0x00000000c5200000 NTAMS 0x00000000c5200000 space 1024K,   0% used [0x00000000c5200000, 0x00000000c5300000)
AC   0  F    TS     0 PTAMS 0x00000000c5300000 NTAMS 0x00000000c5300000 space 1024K,   0% used [0x00000000c5300000, 0x00000000c5400000)
AC   0  F    TS     0 PTAMS 0x00000000c5400000 NTAMS 0x00000000c5400000 space 1024K,   0% used [0x00000000c5400000, 0x00000000c5500000)
AC   0  F    TS     0 PTAMS 0x00000000c5500000 NTAMS 0x00000000c5500000 space 1024K,   0% used [0x00000000c5500000, 0x00000000c5600000)
AC   0  F    TS     0 PTAMS 0x00000000c5600000 NTAMS 0x00000000c5600000 space 1024K,   0% used [0x00000000c5600000, 0x00000000c5700000)
AC   0  F    TS     0 PTAMS 0x00000000c5700000 NTAMS 0x00000000c5700000 space 1024K,   0% used [0x00000000c5700000, 0x00000000c5800000)
AC   0  F    TS     0 PTAMS 0x00000000c5800000 NTAMS 0x00000000c5800000 space 1024K,   0% used [0x00000000c5800000, 0x00000000c5900000)
AC   0  F    TS     0 PTAMS 0x00000000c5900000 NTAMS 0x00000000c5900000 space 1024K,   0% used [0x00000000c5900000, 0x00000000c5a00000)
AC   0  F    TS     0 PTAMS 0x00000000c5a00000 NTAMS 0x00000000c5a00000 space 1024K,   0% used [0x00000000c5a00000, 0x00000000c5b00000)
AC   0  F    TS     0 PTAMS 0x00000000c5b00000 NTAMS 0x00000000c5b00000 space 1024K,   0% used [0x00000000c5b00000, 0x00000000c5c00000)
AC   0  F    TS     0 PTAMS 0x00000000c5c00000 NTAMS 0x00000000c5c00000 space 1024K,   0% used [0x00000000c5c00000, 0x00000000c5d00000)
AC   0  F    TS     0 PTAMS 0x00000000c5d00000 NTAMS 0x00000000c5d00000 space 1024K,   0% used [0x00000000c5d00000, 0x00000000c5e00000)
AC   0  F    TS     0 PTAMS 0x00000000c5e00000 NTAMS 0x00000000c5e00000 space 1024K,   0% used [0x00000000c5e00000, 0x00000000c5f00000)
AC   0  F    TS     0 PTAMS 0x00000000c5f00000 NTAMS 0x00000000c5f00000 space 1024K,   0% used [0x00000000c5f00000, 0x00000000c6000000)
AC   0  F    TS     0 PTAMS 0x00000000c6000000 NTAMS 0x00000000c6000000 space 1024K,   0% used [0x00000000c6000000, 0x00000000c6100000)
AC   0  F    TS     0 PTAMS 0x00000000c6100000 NTAMS 0x00000000c6100000 space 1024K,   0% used [0x00000000c6100000, 0x00000000c6200000)
AC   0  F    TS     0 PTAMS 0x00000000c6200000 NTAMS 0x00000000c6200000 space 1024K,   0% used [0x00000000c6200000, 0x00000000c6300000)
AC   0  F    TS     0 PTAMS 0x00000000c6300000 NTAMS 0x00000000c6300000 space 1024K,   0% used [0x00000000c6300000, 0x00000000c6400000)
AC   0  F    TS     0 PTAMS 0x00000000c6400000 NTAMS 0x00000000c6400000 space 1024K,   0% used [0x00000000c6400000, 0x00000000c6500000)
AC   0  F    TS     0 PTAMS 0x00000000c6500000 NTAMS 0x00000000c6500000 space 1024K,   0% used [0x00000000c6500000, 0x00000000c6600000)
AC   0  F    TS     0 PTAMS 0x00000000c6600000 NTAMS 0x00000000c6600000 space 1024K,   0% used [0x00000000c6600000, 0x00000000c6700000)
AC   0  F    TS     0 PTAMS 0x00000000c6700000 NTAMS 0x00000000c6700000 space 1024K,   0% used [0x00000000c6700000, 0x00000000c6800000)
AC   0  F    TS     0 PTAMS 0x00000000c6800000 NTAMS 0x00000000c6800000 space 1024K,   0% used [0x00000000c6800000, 0x00000000c6900000)
AC   0  F    TS     0 PTAMS 0x00000000c6900000 NTAMS 0x00000000c6900000 space 1024K,   0% used [0x00000000c6900000, 0x00000000c6a00000)
AC   0  F    TS     0 PTAMS 0x00000000c6a00000 NTAMS 0x00000000c6a00000 space 1024K,   0% used [0x00000000c6a00000, 0x00000000c6b00000)
AC   0  F    TS     0 PTAMS 0x00000000c6b00000 NTAMS 0x00000000c6b00000 space 1024K,   0% used [0x00000000c6b00000, 0x00000000c6c00000)
AC   0  F    TS     0 PTAMS 0x00000000c6c00000 NTAMS 0x00000000c6c00000 space 1024K,   0% used [0x00000000c6c00000, 0x00000000c6d00000)
AC   0  F    TS     0 PTAMS 0x00000000c6d00000 NTAMS 0x00000000c6d00000 space 1024K,   0% used [0x00000000c6d00000, 0x00000000c6e00000)
AC   0  F    TS     0 PTAMS 0x00000000c6e00000 NTAMS 0x00000000c6e00000 space 1024K,   0% used [0x00000000c6e00000, 0x00000000c6f00000)
AC   0  F    TS     0 PTAMS 0x00000000c6f00000 NTAMS 0x00000000c6f00000 space 1024K,   0% used [0x00000000c6f00000, 0x00000000c7000000)
AC   0  F    TS     0 PTAMS 0x00000000c7000000 NTAMS 0x00000000c7000000 space 1024K,   0% used [0x00000000c7000000, 0x00000000c7100000)
AC   0  F    TS     0 PTAMS 0x00000000c7100000 NTAMS 0x00000000c7100000 space 1024K,   0% used [0x00000000c7100000, 0x00000000c7200000)
AC   0  F    TS     0 PTAMS 0x00000000c7200000 NTAMS 0x00000000c7200000 space 1024K,   0% used [0x00000000c7200000, 0x00000000c7300000)
AC   0  F    TS     0 PTAMS 0x00000000c7300000 NTAMS 0x00000000c7300000 space 1024K,   0% used [0x00000000c7300000, 0x00000000c7400000)
AC   0  F    TS     0 PTAMS 0x00000000c7400000 NTAMS 0x00000000c7400000 space 1024K,   0% used [0x00000000c7400000, 0x00000000c7500000)
AC   0  F    TS     0 PTAMS 0x00000000c7500000 NTAMS 0x00000000c7500000 space 1024K,   0% used [0x00000000c7500000, 0x00000000c7600000)
AC   0  F    TS     0 PTAMS 0x00000000c7600000 NTAMS 0x00000000c7600000 space 1024K,   0% used [0x00000000c7600000, 0x00000000c7700000)
AC   0  F    TS     0 PTAMS 0x00000000c7700000 NTAMS 0x00000000c7700000 space 1024K,   0% used [0x00000000c7700000, 0x00000000c7800000)
AC   0  F    TS     0 PTAMS 0x00000000c7800000 NTAMS 0x00000000c7800000 space 1024K,   0% used [0x00000000c7800000, 0x00000000c7900000)
AC   0  F    TS     0 PTAMS 0x00000000c7900000 NTAMS 0x00000000c7900000 space 1024K,   0% used [0x00000000c7900000, 0x00000000c7a00000)
AC   0  F    TS     0 PTAMS 0x00000000c7a00000 NTAMS 0x00000000c7a00000 space 1024K,   0% used [0x00000000c7a00000, 0x00000000c7b00000)
AC   0  F    TS     0 PTAMS 0x00000000c7b00000 NTAMS 0x00000000c7b00000 space 1024K,   0% used [0x00000000c7b00000, 0x00000000c7c00000)
AC   0  F    TS     0 PTAMS 0x00000000c7c00000 NTAMS 0x00000000c7c00000 space 1024K,   0% used [0x00000000c7c00000, 0x00000000c7d00000)
AC   0  F    TS     0 PTAMS 0x00000000c7d00000 NTAMS 0x00000000c7d00000 space 1024K,   0% used [0x00000000c7d00000, 0x00000000c7e00000)
AC   0  F    TS     0 PTAMS 0x00000000c7e00000 NTAMS 0x00000000c7e00000 space 1024K,   0% used [0x00000000c7e00000, 0x00000000c7f00000)
AC   0  F    TS     0 PTAMS 0x00000000c7f00000 NTAMS 0x00000000c7f00000 space 1024K,   0% used [0x00000000c7f00000, 0x00000000c8000000)
AC   0  F    TS     0 PTAMS 0x00000000c8000000 NTAMS 0x00000000c8000000 space 1024K,   0% used [0x00000000c8000000, 0x00000000c8100000)
AC   0  F    TS     0 PTAMS 0x00000000c8100000 NTAMS 0x00000000c8100000 space 1024K,   0% used [0x00000000c8100000, 0x00000000c8200000)
AC   0  F    TS     0 PTAMS 0x00000000c8200000 NTAMS 0x00000000c8200000 space 1024K,   0% used [0x00000000c8200000, 0x00000000c8300000)
AC   0  F    TS     0 PTAMS 0x00000000c8300000 NTAMS 0x00000000c8300000 space 1024K,   0% used [0x00000000c8300000, 0x00000000c8400000)
AC   0  F    TS     0 PTAMS 0x00000000c8400000 NTAMS 0x00000000c8400000 space 1024K,   0% used [0x00000000c8400000, 0x00000000c8500000)
AC   0  F    TS     0 PTAMS 0x00000000c8500000 NTAMS 0x00000000c8500000 space 1024K,   0% used [0x00000000c8500000, 0x00000000c8600000)
AC   0  F    TS     0 PTAMS 0x00000000c8600000 NTAMS 0x00000000c8600000 space 1024K,   0% used [0x00000000c8600000, 0x00000000c8700000)
AC   0  F    TS     0 PTAMS 0x00000000c8700000 NTAMS 0x00000000c8700000 space 1024K,   0% used [0x00000000c8700000, 0x00000000c8800000)
AC   0  F    TS     0 PTAMS 0x00000000c8800000 NTAMS 0x00000000c8800000 space 1024K,   0% used [0x00000000c8800000, 0x00000000c8900000)
AC   0  F    TS     0 PTAMS 0x00000000c8900000 NTAMS 0x00000000c8900000 space 1024K,   0% used [0x00000000c8900000, 0x00000000c8a00000)
AC   0  F    TS     0 PTAMS 0x00000000c8a00000 NTAMS 0x00000000c8a00000 space 1024K,   0% used [0x00000000c8a00000, 0x00000000c8b00000)
AC   0  O    TS     0 PTAMS 0x00000000c8c00000 NTAMS 0x00000000c8c00000 space 1024K, 100% used [0x00000000c8b00000, 0x00000000c8c00000)
AC   0  F    TS     0 PTAMS 0x00000000c8c00000 NTAMS 0x00000000c8c00000 space 1024K,   0% used [0x00000000c8c00000, 0x00000000c8d00000)
AC   0  F    TS     0 PTAMS 0x00000000c8d00000 NTAMS 0x00000000c8d00000 space 1024K,   0% used [0x00000000c8d00000, 0x00000000c8e00000)
AC   0  F    TS     0 PTAMS 0x00000000c8e00000 NTAMS 0x00000000c8e00000 space 1024K,   0% used [0x00000000c8e00000, 0x00000000c8f00000)
AC   0  F    TS     0 PTAMS 0x00000000c8f00000 NTAMS 0x00000000c8f00000 space 1024K,   0% used [0x00000000c8f00000, 0x00000000c9000000)
AC   0  F    TS     0 PTAMS 0x00000000c9000000 NTAMS 0x00000000c9000000 space 1024K,   0% used [0x00000000c9000000, 0x00000000c9100000)
AC   0  F    TS     0 PTAMS 0x00000000c9100000 NTAMS 0x00000000c9100000 space 1024K,   0% used [0x00000000c9100000, 0x00000000c9200000)
AC   0  F    TS     1 PTAMS 0x00000000c9200000 NTAMS 0x00000000c9200000 space 1024K,   0% used [0x00000000c9200000, 0x00000000c9300000)
AC   0  O    TS     0 PTAMS 0x00000000c9400000 NTAMS 0x00000000c9400000 space 1024K, 100% used [0x00000000c9300000, 0x00000000c9400000)
AC   0  F    TS     0 PTAMS 0x00000000c9400000 NTAMS 0x00000000c9400000 space 1024K,   0% used [0x00000000c9400000, 0x00000000c9500000)
AC   0  O    TS     0 PTAMS 0x00000000c9600000 NTAMS 0x00000000c9600000 space 1024K, 100% used [0x00000000c9500000, 0x00000000c9600000)
AC   0  F    TS     0 PTAMS 0x00000000c9600000 NTAMS 0x00000000c9600000 space 1024K,   0% used [0x00000000c9600000, 0x00000000c9700000)
AC   0  F    TS     0 PTAMS 0x00000000c9700000 NTAMS 0x00000000c9700000 space 1024K,   0% used [0x00000000c9700000, 0x00000000c9800000)
AC   0  F    TS     0 PTAMS 0x00000000c9800000 NTAMS 0x00000000c9800000 space 1024K,   0% used [0x00000000c9800000, 0x00000000c9900000)
AC   0  O    TS     0 PTAMS 0x00000000c9a00000 NTAMS 0x00000000c9a00000 space 1024K, 100% used [0x00000000c9900000, 0x00000000c9a00000)
AC   0  F    TS     0 PTAMS 0x00000000c9a00000 NTAMS 0x00000000c9a00000 space 1024K,   0% used [0x00000000c9a00000, 0x00000000c9b00000)
AC   0  O    TS     0 PTAMS 0x00000000c9c00000 NTAMS 0x00000000c9c00000 space 1024K, 100% used [0x00000000c9b00000, 0x00000000c9c00000)
AC   0  O    TS     0 PTAMS 0x00000000c9d00000 NTAMS 0x00000000c9d00000 space 1024K, 100% used [0x00000000c9c00000, 0x00000000c9d00000)
AC   0  O    TS     0 PTAMS 0x00000000c9e00000 NTAMS 0x00000000c9e00000 space 1024K, 100% used [0x00000000c9d00000, 0x00000000c9e00000)
AC   0  F    TS     0 PTAMS 0x00000000c9e00000 NTAMS 0x00000000c9e00000 space 1024K,   0% used [0x00000000c9e00000, 0x00000000c9f00000)
AC   0  F    TS     0 PTAMS 0x00000000c9f00000 NTAMS 0x00000000c9f00000 space 1024K,   0% used [0x00000000c9f00000, 0x00000000ca000000)
AC   0  F    TS     0 PTAMS 0x00000000ca000000 NTAMS 0x00000000ca000000 space 1024K,   0% used [0x00000000ca000000, 0x00000000ca100000)
AC   0  F    TS     0 PTAMS 0x00000000ca100000 NTAMS 0x00000000ca100000 space 1024K,   0% used [0x00000000ca100000, 0x00000000ca200000)
AC   0  F    TS     0 PTAMS 0x00000000ca200000 NTAMS 0x00000000ca200000 space 1024K,   0% used [0x00000000ca200000, 0x00000000ca300000)
AC   0  F    TS     0 PTAMS 0x00000000ca300000 NTAMS 0x00000000ca300000 space 1024K,   0% used [0x00000000ca300000, 0x00000000ca400000)
AC   0  F    TS     0 PTAMS 0x00000000ca400000 NTAMS 0x00000000ca400000 space 1024K,   0% used [0x00000000ca400000, 0x00000000ca500000)
AC   0  F    TS     0 PTAMS 0x00000000ca500000 NTAMS 0x00000000ca500000 space 1024K,   0% used [0x00000000ca500000, 0x00000000ca600000)
AC   0  F    TS     0 PTAMS 0x00000000ca600000 NTAMS 0x00000000ca600000 space 1024K,   0% used [0x00000000ca600000, 0x00000000ca700000)
AC   0  F    TS     0 PTAMS 0x00000000ca700000 NTAMS 0x00000000ca700000 space 1024K,   0% used [0x00000000ca700000, 0x00000000ca800000)
AC   0  F    TS     0 PTAMS 0x00000000ca800000 NTAMS 0x00000000ca800000 space 1024K,   0% used [0x00000000ca800000, 0x00000000ca900000)
AC   0  F    TS     0 PTAMS 0x00000000ca900000 NTAMS 0x00000000ca900000 space 1024K,   0% used [0x00000000ca900000, 0x00000000caa00000)
AC   0  F    TS     0 PTAMS 0x00000000caa00000 NTAMS 0x00000000caa00000 space 1024K,   0% used [0x00000000caa00000, 0x00000000cab00000)
AC   0  F    TS     0 PTAMS 0x00000000cab00000 NTAMS 0x00000000cab00000 space 1024K,   0% used [0x00000000cab00000, 0x00000000cac00000)
AC   0  F    TS     0 PTAMS 0x00000000cac00000 NTAMS 0x00000000cac00000 space 1024K,   0% used [0x00000000cac00000, 0x00000000cad00000)
AC   0  F    TS     0 PTAMS 0x00000000cad00000 NTAMS 0x00000000cad00000 space 1024K,   0% used [0x00000000cad00000, 0x00000000cae00000)
AC   0  F    TS     0 PTAMS 0x00000000cae00000 NTAMS 0x00000000cae00000 space 1024K,   0% used [0x00000000cae00000, 0x00000000caf00000)
AC   0  F    TS     0 PTAMS 0x00000000caf00000 NTAMS 0x00000000caf00000 space 1024K,   0% used [0x00000000caf00000, 0x00000000cb000000)
AC   0  F    TS     0 PTAMS 0x00000000cb000000 NTAMS 0x00000000cb000000 space 1024K,   0% used [0x00000000cb000000, 0x00000000cb100000)
AC   0  F    TS     0 PTAMS 0x00000000cb100000 NTAMS 0x00000000cb100000 space 1024K,   0% used [0x00000000cb100000, 0x00000000cb200000)
AC   0  F    TS     0 PTAMS 0x00000000cb200000 NTAMS 0x00000000cb200000 space 1024K,   0% used [0x00000000cb200000, 0x00000000cb300000)
AC   0  F    TS     0 PTAMS 0x00000000cb300000 NTAMS 0x00000000cb300000 space 1024K,   0% used [0x00000000cb300000, 0x00000000cb400000)
AC   0  F    TS     0 PTAMS 0x00000000cb400000 NTAMS 0x00000000cb400000 space 1024K,   0% used [0x00000000cb400000, 0x00000000cb500000)
AC   0  F    TS     0 PTAMS 0x00000000cb500000 NTAMS 0x00000000cb500000 space 1024K,   0% used [0x00000000cb500000, 0x00000000cb600000)
AC   0  F    TS     0 PTAMS 0x00000000cb600000 NTAMS 0x00000000cb600000 space 1024K,   0% used [0x00000000cb600000, 0x00000000cb700000)
AC   0  F    TS     0 PTAMS 0x00000000cb700000 NTAMS 0x00000000cb700000 space 1024K,   0% used [0x00000000cb700000, 0x00000000cb800000)
AC   0  F    TS     0 PTAMS 0x00000000cb800000 NTAMS 0x00000000cb800000 space 1024K,   0% used [0x00000000cb800000, 0x00000000cb900000)
AC   0  F    TS     0 PTAMS 0x00000000cb900000 NTAMS 0x00000000cb900000 space 1024K,   0% used [0x00000000cb900000, 0x00000000cba00000)
AC   0  E    TS     0 PTAMS 0x00000000cba00000 NTAMS 0x00000000cba00000 space 1024K,  50% used [0x00000000cba00000, 0x00000000cbb00000)
AC   0  E CS TS     0 PTAMS 0x00000000cbb00000 NTAMS 0x00000000cbb00000 space 1024K, 100% used [0x00000000cbb00000, 0x00000000cbc00000)
AC   0  E CS TS     0 PTAMS 0x00000000cbc00000 NTAMS 0x00000000cbc00000 space 1024K, 100% used [0x00000000cbc00000, 0x00000000cbd00000)
AC   0  E CS TS     0 PTAMS 0x00000000cbd00000 NTAMS 0x00000000cbd00000 space 1024K, 100% used [0x00000000cbd00000, 0x00000000cbe00000)
AC   0  E CS TS     0 PTAMS 0x00000000cbe00000 NTAMS 0x00000000cbe00000 space 1024K, 100% used [0x00000000cbe00000, 0x00000000cbf00000)
AC   0  E CS TS     0 PTAMS 0x00000000cbf00000 NTAMS 0x00000000cbf00000 space 1024K, 100% used [0x00000000cbf00000, 0x00000000cc000000)
AC   0  E CS TS     0 PTAMS 0x00000000cc000000 NTAMS 0x00000000cc000000 space 1024K, 100% used [0x00000000cc000000, 0x00000000cc100000)
AC   0  E CS TS     0 PTAMS 0x00000000cc100000 NTAMS 0x00000000cc100000 space 1024K, 100% used [0x00000000cc100000, 0x00000000cc200000)
AC   0  E CS TS     0 PTAMS 0x00000000cc200000 NTAMS 0x00000000cc200000 space 1024K, 100% used [0x00000000cc200000, 0x00000000cc300000)
AC   0  E CS TS     0 PTAMS 0x00000000cc300000 NTAMS 0x00000000cc300000 space 1024K, 100% used [0x00000000cc300000, 0x00000000cc400000)
AC   0  E CS TS     0 PTAMS 0x00000000cc400000 NTAMS 0x00000000cc400000 space 1024K, 100% used [0x00000000cc400000, 0x00000000cc500000)
AC   0  E CS TS     0 PTAMS 0x00000000cc500000 NTAMS 0x00000000cc500000 space 1024K, 100% used [0x00000000cc500000, 0x00000000cc600000)
AC   0  E CS TS     0 PTAMS 0x00000000cc600000 NTAMS 0x00000000cc600000 space 1024K, 100% used [0x00000000cc600000, 0x00000000cc700000)
AC   0  E CS TS     0 PTAMS 0x00000000cc700000 NTAMS 0x00000000cc700000 space 1024K, 100% used [0x00000000cc700000, 0x00000000cc800000)
AC   0  E CS TS     0 PTAMS 0x00000000cc800000 NTAMS 0x00000000cc800000 space 1024K, 100% used [0x00000000cc800000, 0x00000000cc900000)
AC   0  E CS TS     0 PTAMS 0x00000000cc900000 NTAMS 0x00000000cc900000 space 1024K, 100% used [0x00000000cc900000, 0x00000000cca00000)
AC   0  E CS TS     0 PTAMS 0x00000000cca00000 NTAMS 0x00000000cca00000 space 1024K, 100% used [0x00000000cca00000, 0x00000000ccb00000)
AC   0  E CS TS     0 PTAMS 0x00000000ccb00000 NTAMS 0x00000000ccb00000 space 1024K, 100% used [0x00000000ccb00000, 0x00000000ccc00000)
AC   0  E CS TS     0 PTAMS 0x00000000ccc00000 NTAMS 0x00000000ccc00000 space 1024K, 100% used [0x00000000ccc00000, 0x00000000ccd00000)
AC   0  E CS TS     0 PTAMS 0x00000000ccd00000 NTAMS 0x00000000ccd00000 space 1024K, 100% used [0x00000000ccd00000, 0x00000000cce00000)
AC   0  E CS TS     0 PTAMS 0x00000000cce00000 NTAMS 0x00000000cce00000 space 1024K, 100% used [0x00000000cce00000, 0x00000000ccf00000)
AC   0  E CS TS     0 PTAMS 0x00000000ccf00000 NTAMS 0x00000000ccf00000 space 1024K, 100% used [0x00000000ccf00000, 0x00000000cd000000)
AC   0  E CS TS     0 PTAMS 0x00000000cd000000 NTAMS 0x00000000cd000000 space 1024K, 100% used [0x00000000cd000000, 0x00000000cd100000)
AC   0  E CS TS     0 PTAMS 0x00000000cd100000 NTAMS 0x00000000cd100000 space 1024K, 100% used [0x00000000cd100000, 0x00000000cd200000)
AC   0  E CS TS     0 PTAMS 0x00000000cd200000 NTAMS 0x00000000cd200000 space 1024K, 100% used [0x00000000cd200000, 0x00000000cd300000)
AC   0  E CS TS     0 PTAMS 0x00000000cd300000 NTAMS 0x00000000cd300000 space 1024K, 100% used [0x00000000cd300000, 0x00000000cd400000)
AC   0  E CS TS     0 PTAMS 0x00000000cd400000 NTAMS 0x00000000cd400000 space 1024K, 100% used [0x00000000cd400000, 0x00000000cd500000)
AC   0  E CS TS     0 PTAMS 0x00000000cd500000 NTAMS 0x00000000cd500000 space 1024K, 100% used [0x00000000cd500000, 0x00000000cd600000)
AC   0  E CS TS     0 PTAMS 0x00000000cd600000 NTAMS 0x00000000cd600000 space 1024K, 100% used [0x00000000cd600000, 0x00000000cd700000)
AC   0  E CS TS     0 PTAMS 0x00000000cd700000 NTAMS 0x00000000cd700000 space 1024K, 100% used [0x00000000cd700000, 0x00000000cd800000)
AC   0  E CS TS     0 PTAMS 0x00000000cd800000 NTAMS 0x00000000cd800000 space 1024K, 100% used [0x00000000cd800000, 0x00000000cd900000)
AC   0  E CS TS     0 PTAMS 0x00000000cd900000 NTAMS 0x00000000cd900000 space 1024K, 100% used [0x00000000cd900000, 0x00000000cda00000)
AC   0  E CS TS     0 PTAMS 0x00000000cda00000 NTAMS 0x00000000cda00000 space 1024K, 100% used [0x00000000cda00000, 0x00000000cdb00000)
AC   0  E CS TS     0 PTAMS 0x00000000cdb00000 NTAMS 0x00000000cdb00000 space 1024K, 100% used [0x00000000cdb00000, 0x00000000cdc00000)
AC   0  E CS TS     0 PTAMS 0x00000000cdc00000 NTAMS 0x00000000cdc00000 space 1024K, 100% used [0x00000000cdc00000, 0x00000000cdd00000)
AC   0  E CS TS     0 PTAMS 0x00000000cdd00000 NTAMS 0x00000000cdd00000 space 1024K, 100% used [0x00000000cdd00000, 0x00000000cde00000)
AC   0  E CS TS     0 PTAMS 0x00000000cde00000 NTAMS 0x00000000cde00000 space 1024K, 100% used [0x00000000cde00000, 0x00000000cdf00000)
AC   0  E CS TS     0 PTAMS 0x00000000cdf00000 NTAMS 0x00000000cdf00000 space 1024K, 100% used [0x00000000cdf00000, 0x00000000ce000000)
AC   0  E CS TS     0 PTAMS 0x00000000ce000000 NTAMS 0x00000000ce000000 space 1024K, 100% used [0x00000000ce000000, 0x00000000ce100000)
AC   0  E CS TS     0 PTAMS 0x00000000ce100000 NTAMS 0x00000000ce100000 space 1024K, 100% used [0x00000000ce100000, 0x00000000ce200000)
AC   0  E CS TS     0 PTAMS 0x00000000ce200000 NTAMS 0x00000000ce200000 space 1024K, 100% used [0x00000000ce200000, 0x00000000ce300000)
AC   0  E CS TS     0 PTAMS 0x00000000ce300000 NTAMS 0x00000000ce300000 space 1024K, 100% used [0x00000000ce300000, 0x00000000ce400000)
AC   0  E CS TS     0 PTAMS 0x00000000ce400000 NTAMS 0x00000000ce400000 space 1024K, 100% used [0x00000000ce400000, 0x00000000ce500000)
AC   0  E CS TS     0 PTAMS 0x00000000ce500000 NTAMS 0x00000000ce500000 space 1024K, 100% used [0x00000000ce500000, 0x00000000ce600000)
AC   0  E CS TS     0 PTAMS 0x00000000ce600000 NTAMS 0x00000000ce600000 space 1024K, 100% used [0x00000000ce600000, 0x00000000ce700000)
AC   0  E CS TS     0 PTAMS 0x00000000ce700000 NTAMS 0x00000000ce700000 space 1024K, 100% used [0x00000000ce700000, 0x00000000ce800000)
AC   0  E CS TS     0 PTAMS 0x00000000ce800000 NTAMS 0x00000000ce800000 space 1024K, 100% used [0x00000000ce800000, 0x00000000ce900000)
AC   0  E CS TS     0 PTAMS 0x00000000ce900000 NTAMS 0x00000000ce900000 space 1024K, 100% used [0x00000000ce900000, 0x00000000cea00000)
AC   0  E CS TS     0 PTAMS 0x00000000cea00000 NTAMS 0x00000000cea00000 space 1024K, 100% used [0x00000000cea00000, 0x00000000ceb00000)
AC   0  E CS TS     0 PTAMS 0x00000000ceb00000 NTAMS 0x00000000ceb00000 space 1024K, 100% used [0x00000000ceb00000, 0x00000000cec00000)
AC   0  E CS TS     0 PTAMS 0x00000000cec00000 NTAMS 0x00000000cec00000 space 1024K, 100% used [0x00000000cec00000, 0x00000000ced00000)
AC   0  E CS TS     0 PTAMS 0x00000000ced00000 NTAMS 0x00000000ced00000 space 1024K, 100% used [0x00000000ced00000, 0x00000000cee00000)
AC   0  E CS TS     0 PTAMS 0x00000000cee00000 NTAMS 0x00000000cee00000 space 1024K, 100% used [0x00000000cee00000, 0x00000000cef00000)
AC   0  E CS TS     0 PTAMS 0x00000000cef00000 NTAMS 0x00000000cef00000 space 1024K, 100% used [0x00000000cef00000, 0x00000000cf000000)
AC   0  E CS TS     0 PTAMS 0x00000000cf000000 NTAMS 0x00000000cf000000 space 1024K, 100% used [0x00000000cf000000, 0x00000000cf100000)
AC   0  E CS TS     0 PTAMS 0x00000000cf100000 NTAMS 0x00000000cf100000 space 1024K, 100% used [0x00000000cf100000, 0x00000000cf200000)
AC   0  E CS TS     0 PTAMS 0x00000000cf200000 NTAMS 0x00000000cf200000 space 1024K, 100% used [0x00000000cf200000, 0x00000000cf300000)
AC   0  E CS TS     0 PTAMS 0x00000000cf300000 NTAMS 0x00000000cf300000 space 1024K, 100% used [0x00000000cf300000, 0x00000000cf400000)
AC   0  E CS TS     0 PTAMS 0x00000000cf400000 NTAMS 0x00000000cf400000 space 1024K, 100% used [0x00000000cf400000, 0x00000000cf500000)
AC   0  E CS TS     0 PTAMS 0x00000000cf500000 NTAMS 0x00000000cf500000 space 1024K, 100% used [0x00000000cf500000, 0x00000000cf600000)
AC   0  E CS TS     0 PTAMS 0x00000000cf600000 NTAMS 0x00000000cf600000 space 1024K, 100% used [0x00000000cf600000, 0x00000000cf700000)
AC   0  E CS TS     0 PTAMS 0x00000000cf700000 NTAMS 0x00000000cf700000 space 1024K, 100% used [0x00000000cf700000, 0x00000000cf800000)
AC   0  E CS TS     0 PTAMS 0x00000000cf800000 NTAMS 0x00000000cf800000 space 1024K, 100% used [0x00000000cf800000, 0x00000000cf900000)
AC   0  E CS TS     0 PTAMS 0x00000000cf900000 NTAMS 0x00000000cf900000 space 1024K, 100% used [0x00000000cf900000, 0x00000000cfa00000)
AC   0  E CS TS     0 PTAMS 0x00000000cfa00000 NTAMS 0x00000000cfa00000 space 1024K, 100% used [0x00000000cfa00000, 0x00000000cfb00000)
AC   0  E CS TS     0 PTAMS 0x00000000cfb00000 NTAMS 0x00000000cfb00000 space 1024K, 100% used [0x00000000cfb00000, 0x00000000cfc00000)
AC   0  E CS TS     0 PTAMS 0x00000000cfc00000 NTAMS 0x00000000cfc00000 space 1024K, 100% used [0x00000000cfc00000, 0x00000000cfd00000)
AC   0  E CS TS     0 PTAMS 0x00000000cfd00000 NTAMS 0x00000000cfd00000 space 1024K, 100% used [0x00000000cfd00000, 0x00000000cfe00000)
AC   0  E CS TS     0 PTAMS 0x00000000cfe00000 NTAMS 0x00000000cfe00000 space 1024K, 100% used [0x00000000cfe00000, 0x00000000cff00000)
AC   0  E CS TS     0 PTAMS 0x00000000cff00000 NTAMS 0x00000000cff00000 space 1024K, 100% used [0x00000000cff00000, 0x00000000d0000000)
AC   0  E CS TS     0 PTAMS 0x00000000d0000000 NTAMS 0x00000000d0000000 space 1024K, 100% used [0x00000000d0000000, 0x00000000d0100000)
AC   0  E CS TS     0 PTAMS 0x00000000d0100000 NTAMS 0x00000000d0100000 space 1024K, 100% used [0x00000000d0100000, 0x00000000d0200000)
AC   0  E CS TS     0 PTAMS 0x00000000d0200000 NTAMS 0x00000000d0200000 space 1024K, 100% used [0x00000000d0200000, 0x00000000d0300000)
AC   0  E CS TS     0 PTAMS 0x00000000d0300000 NTAMS 0x00000000d0300000 space 1024K, 100% used [0x00000000d0300000, 0x00000000d0400000)
AC   0  S CS TS     3 PTAMS 0x00000000d0400000 NTAMS 0x00000000d0400000 space 1024K,  49% used [0x00000000d0400000, 0x00000000d0500000)
AC   0  S CS TS     3 PTAMS 0x00000000d0500000 NTAMS 0x00000000d0500000 space 1024K, 100% used [0x00000000d0500000, 0x00000000d0600000)
AC   0  S CS TS     3 PTAMS 0x00000000d0600000 NTAMS 0x00000000d0600000 space 1024K, 100% used [0x00000000d0600000, 0x00000000d0700000)
AC   0  E CS TS     0 PTAMS 0x00000000d0700000 NTAMS 0x00000000d0700000 space 1024K, 100% used [0x00000000d0700000, 0x00000000d0800000)
AC   0  O    TS     1 PTAMS 0x00000000d0800000 NTAMS 0x00000000d0800000 space 1024K, 100% used [0x00000000d0800000, 0x00000000d0900000)
AC   0  O    TS     1 PTAMS 0x00000000d0900000 NTAMS 0x00000000d0900000 space 1024K, 100% used [0x00000000d0900000, 0x00000000d0a00000)
AC   0  O    TS     1 PTAMS 0x00000000d0a00000 NTAMS 0x00000000d0a00000 space 1024K, 100% used [0x00000000d0a00000, 0x00000000d0b00000)
AC   0  O    TS     1 PTAMS 0x00000000d0b00000 NTAMS 0x00000000d0b00000 space 1024K, 100% used [0x00000000d0b00000, 0x00000000d0c00000)
AC   0  O    TS     1 PTAMS 0x00000000d0c00000 NTAMS 0x00000000d0c00000 space 1024K, 100% used [0x00000000d0c00000, 0x00000000d0d00000)
AC   0  O    TS     1 PTAMS 0x00000000d0d00000 NTAMS 0x00000000d0d00000 space 1024K, 100% used [0x00000000d0d00000, 0x00000000d0e00000)
AC   0  O    TS     1 PTAMS 0x00000000d0e00000 NTAMS 0x00000000d0e00000 space 1024K, 100% used [0x00000000d0e00000, 0x00000000d0f00000)
AC   0  O    TS     1 PTAMS 0x00000000d0f00000 NTAMS 0x00000000d0f00000 space 1024K, 100% used [0x00000000d0f00000, 0x00000000d1000000)
AC   0  O    TS     1 PTAMS 0x00000000d1000000 NTAMS 0x00000000d1000000 space 1024K, 100% used [0x00000000d1000000, 0x00000000d1100000)
AC   0  O    TS     1 PTAMS 0x00000000d1100000 NTAMS 0x00000000d1100000 space 1024K, 100% used [0x00000000d1100000, 0x00000000d1200000)
AC   0  O    TS     1 PTAMS 0x00000000d1200000 NTAMS 0x00000000d1200000 space 1024K, 100% used [0x00000000d1200000, 0x00000000d1300000)
AC   0  O    TS     1 PTAMS 0x00000000d1300000 NTAMS 0x00000000d1300000 space 1024K, 100% used [0x00000000d1300000, 0x00000000d1400000)
AC   0  O    TS     1 PTAMS 0x00000000d1400000 NTAMS 0x00000000d1400000 space 1024K, 100% used [0x00000000d1400000, 0x00000000d1500000)
AC   0  O    TS     1 PTAMS 0x00000000d1500000 NTAMS 0x00000000d1500000 space 1024K, 100% used [0x00000000d1500000, 0x00000000d1600000)
AC   0  O    TS     1 PTAMS 0x00000000d1600000 NTAMS 0x00000000d1600000 space 1024K, 100% used [0x00000000d1600000, 0x00000000d1700000)
AC   0  O    TS     1 PTAMS 0x00000000d1700000 NTAMS 0x00000000d1700000 space 1024K, 100% used [0x00000000d1700000, 0x00000000d1800000)
AC   0  O    TS     1 PTAMS 0x00000000d1800000 NTAMS 0x00000000d1800000 space 1024K, 100% used [0x00000000d1800000, 0x00000000d1900000)
AC   0  O    TS     1 PTAMS 0x00000000d1900000 NTAMS 0x00000000d1900000 space 1024K, 100% used [0x00000000d1900000, 0x00000000d1a00000)
AC   0  O    TS     1 PTAMS 0x00000000d1a00000 NTAMS 0x00000000d1a00000 space 1024K, 100% used [0x00000000d1a00000, 0x00000000d1b00000)
AC   0  O    TS     1 PTAMS 0x00000000d1b00000 NTAMS 0x00000000d1b00000 space 1024K, 100% used [0x00000000d1b00000, 0x00000000d1c00000)
AC   0  O    TS     1 PTAMS 0x00000000d1c00000 NTAMS 0x00000000d1c00000 space 1024K, 100% used [0x00000000d1c00000, 0x00000000d1d00000)
AC   0  O    TS     1 PTAMS 0x00000000d1d00000 NTAMS 0x00000000d1d00000 space 1024K, 100% used [0x00000000d1d00000, 0x00000000d1e00000)
AC   0  O    TS     1 PTAMS 0x00000000d1e00000 NTAMS 0x00000000d1e00000 space 1024K, 100% used [0x00000000d1e00000, 0x00000000d1f00000)
AC   0  O    TS     1 PTAMS 0x00000000d1f00000 NTAMS 0x00000000d1f00000 space 1024K, 100% used [0x00000000d1f00000, 0x00000000d2000000)
AC   0  O    TS     1 PTAMS 0x00000000d2000000 NTAMS 0x00000000d2000000 space 1024K, 100% used [0x00000000d2000000, 0x00000000d2100000)
AC   0  O    TS     1 PTAMS 0x00000000d2100000 NTAMS 0x00000000d2100000 space 1024K, 100% used [0x00000000d2100000, 0x00000000d2200000)
AC   0  O    TS     3 PTAMS 0x00000000d2200000 NTAMS 0x00000000d2200000 space 1024K, 100% used [0x00000000d2200000, 0x00000000d2300000)

Card table byte_map: [0x0000000015610000,0x0000000015810000] byte_map_base: 0x0000000015010000

Marking Bits (Prev, Next): (CMBitMap*) 0x000000000504b2d0, (CMBitMap*) 0x000000000504b278
 Prev Bits: [0x0000000016a10000, 0x0000000017a10000)
 Next Bits: [0x0000000015a10000, 0x0000000016a10000)

Polling page: 0x00000000023f0000

CodeCache: size=245760Kb used=29974Kb max_used=29976Kb free=215785Kb
 bounds [0x0000000005110000, 0x0000000006e80000, 0x0000000014110000]
 total_blobs=8478 nmethods=7873 adapters=514
 compilation: enabled

Compilation events (10 events):
Event: 418.683 Thread 0x000000001ad42000 nmethod 9608 0x0000000006e64ed0 code [0x0000000006e65020, 0x0000000006e65190]
Event: 418.684 Thread 0x000000001ad42000 9609       3       org.eclipse.jdt.internal.compiler.classfmt.MethodInfo::getExceptionTypeNames (16 bytes)
Event: 418.685 Thread 0x000000001ad42000 nmethod 9609 0x00000000055d7990 code [0x00000000055d7b00, 0x00000000055d7ce8]
Event: 418.685 Thread 0x000000001ad42000 9610       3       org.eclipse.jdt.internal.compiler.parser.ScannerHelper::toLowerCase (42 bytes)
Event: 418.686 Thread 0x000000001ad42000 nmethod 9610 0x00000000056e2f10 code [0x00000000056e30a0, 0x00000000056e34b8]
Event: 418.687 Thread 0x000000001ad42000 9611       1       org.eclipse.core.internal.content.ContentType::getDefaultDescription (5 bytes)
Event: 418.687 Thread 0x000000001ad42000 nmethod 9611 0x00000000055d76d0 code [0x00000000055d7820, 0x00000000055d7930]
Event: 418.691 Thread 0x000000001ad42000 9612       3       org.eclipse.jdt.internal.compiler.parser.Parser::consumeFieldAccess (129 bytes)
Event: 418.691 Thread 0x000000001ad42000 nmethod 9612 0x00000000052b5650 code [0x00000000052b5840, 0x00000000052b6178]
Event: 418.692 Thread 0x000000001ad42000 9613       3       org.eclipse.jdt.internal.compiler.parser.Parser::consumeRule (7272 bytes)

GC Heap History (10 events):
Event: 413.919 GC heap before
{Heap before GC invocations=33 (full 0):
 garbage-first heap   total 259072K, used 209408K [0x00000000c0000000, 0x00000000c01007e8, 0x0000000100000000)
  region size 1024K, 97 young (99328K), 6 survivors (6144K)
 Metaspace       used 46663K, capacity 49242K, committed 49436K, reserved 1093632K
  class space    used 4839K, capacity 5626K, committed 5708K, reserved 1048576K
Event: 413.945 GC heap after
Heap after GC invocations=34 (full 0):
 garbage-first heap   total 270336K, used 72703K [0x00000000c0000000, 0x00000000c0100840, 0x0000000100000000)
  region size 1024K, 11 young (11264K), 11 survivors (11264K)
 Metaspace       used 46663K, capacity 49242K, committed 49436K, reserved 1093632K
  class space    used 4839K, capacity 5626K, committed 5708K, reserved 1048576K
}
Event: 414.076 GC heap before
{Heap before GC invocations=34 (full 0):
 garbage-first heap   total 270336K, used 74751K [0x00000000c0000000, 0x00000000c0100840, 0x0000000100000000)
  region size 1024K, 13 young (13312K), 11 survivors (11264K)
 Metaspace       used 46680K, capacity 49242K, committed 49436K, reserved 1093632K
  class space    used 4839K, capacity 5626K, committed 5708K, reserved 1048576K
Event: 414.086 GC heap after
Heap after GC invocations=35 (full 0):
 garbage-first heap   total 270336K, used 63881K [0x00000000c0000000, 0x00000000c0100840, 0x0000000100000000)
  region size 1024K, 2 young (2048K), 2 survivors (2048K)
 Metaspace       used 46680K, capacity 49242K, committed 49436K, reserved 1093632K
  class space    used 4839K, capacity 5626K, committed 5708K, reserved 1048576K
}
Event: 415.151 GC heap before
{Heap before GC invocations=35 (full 0):
 garbage-first heap   total 270336K, used 130852K [0x00000000c0000000, 0x00000000c0100840, 0x0000000100000000)
  region size 1024K, 23 young (23552K), 2 survivors (2048K)
 Metaspace       used 48436K, capacity 51328K, committed 51484K, reserved 1095680K
  class space    used 5070K, capacity 5958K, committed 5964K, reserved 1048576K
Event: 415.159 GC heap after
Heap after GC invocations=36 (full 0):
 garbage-first heap   total 270336K, used 79582K [0x00000000c0000000, 0x00000000c0100840, 0x0000000100000000)
  region size 1024K, 4 young (4096K), 4 survivors (4096K)
 Metaspace       used 48436K, capacity 51328K, committed 51484K, reserved 1095680K
  class space    used 5070K, capacity 5958K, committed 5964K, reserved 1048576K
}
Event: 416.540 GC heap before
{Heap before GC invocations=37 (full 0):
 garbage-first heap   total 270336K, used 242912K [0x00000000c0000000, 0x00000000c0100840, 0x0000000100000000)
  region size 1024K, 149 young (152576K), 4 survivors (4096K)
 Metaspace       used 50116K, capacity 52872K, committed 53148K, reserved 1095680K
  class space    used 5184K, capacity 6064K, committed 6092K, reserved 1048576K
Event: 416.607 GC heap after
Heap after GC invocations=38 (full 0):
 garbage-first heap   total 297984K, used 106845K [0x00000000c0000000, 0x00000000c0100918, 0x0000000100000000)
  region size 1024K, 19 young (19456K), 19 survivors (19456K)
 Metaspace       used 50116K, capacity 52872K, committed 53148K, reserved 1095680K
  class space    used 5184K, capacity 6064K, committed 6092K, reserved 1048576K
}
Event: 416.741 GC heap before
{Heap before GC invocations=38 (full 0):
 garbage-first heap   total 297984K, used 107869K [0x00000000c0000000, 0x00000000c0100918, 0x0000000100000000)
  region size 1024K, 20 young (20480K), 19 survivors (19456K)
 Metaspace       used 50308K, capacity 53098K, committed 53276K, reserved 1095680K
  class space    used 5200K, capacity 6097K, committed 6220K, reserved 1048576K
Event: 416.769 GC heap after
Heap after GC invocations=39 (full 0):
 garbage-first heap   total 297984K, used 90112K [0x00000000c0000000, 0x00000000c0100918, 0x0000000100000000)
  region size 1024K, 3 young (3072K), 3 survivors (3072K)
 Metaspace       used 50308K, capacity 53098K, committed 53276K, reserved 1095680K
  class space    used 5200K, capacity 6097K, committed 6220K, reserved 1048576K
}

Deoptimization events (10 events):
Event: 418.684 Thread 0x000000001c43b000 Uncommon trap: reason=unstable_if action=reinterpret pc=0x0000000005d59ae0 method=org.eclipse.jdt.internal.compiler.classfmt.MethodInfo.getGenericSignature()[C @ 12
Event: 418.690 Thread 0x000000001c43b000 Uncommon trap: reason=bimorphic action=maybe_recompile pc=0x0000000006b1ab3c method=org.eclipse.jdt.internal.compiler.parser.Parser.consumeToken(I)V @ 1739
Event: 418.690 Thread 0x000000001c43b000 Uncommon trap: reason=bimorphic action=maybe_recompile pc=0x00000000067f8084 method=org.eclipse.jdt.internal.compiler.parser.Parser.consumeRule(I)V @ 4042
Event: 418.690 Thread 0x000000001c43b000 Uncommon trap: reason=bimorphic action=maybe_recompile pc=0x0000000006b1ab3c method=org.eclipse.jdt.internal.compiler.parser.Parser.consumeToken(I)V @ 1739
Event: 418.690 Thread 0x000000001c43b000 Uncommon trap: reason=bimorphic action=maybe_recompile pc=0x00000000067f8c78 method=org.eclipse.jdt.internal.compiler.parser.Parser.consumeRule(I)V @ 5438
Event: 418.690 Thread 0x000000001c43b000 Uncommon trap: reason=bimorphic action=maybe_recompile pc=0x00000000067f8c78 method=org.eclipse.jdt.internal.compiler.parser.Parser.consumeRule(I)V @ 5438
Event: 418.690 Thread 0x000000001c43b000 Uncommon trap: reason=bimorphic action=maybe_recompile pc=0x00000000067f8c78 method=org.eclipse.jdt.internal.compiler.parser.Parser.consumeRule(I)V @ 5438
Event: 418.692 Thread 0x000000001c43b000 Uncommon trap: reason=unstable_if action=reinterpret pc=0x0000000005f1fc24 method=org.eclipse.jdt.core.Signature.checkNextChar([CCIIZ)I @ 9
Event: 418.718 Thread 0x000000001c43b000 Uncommon trap: reason=bimorphic action=maybe_recompile pc=0x0000000006b1ab3c method=org.eclipse.jdt.internal.compiler.parser.Parser.consumeToken(I)V @ 1739
Event: 418.718 Thread 0x000000001c43b000 Uncommon trap: reason=bimorphic action=maybe_recompile pc=0x0000000006b1ab3c method=org.eclipse.jdt.internal.compiler.parser.Parser.consumeToken(I)V @ 1739

Classes redefined (0 events):
No events

Internal exceptions (10 events):
Event: 418.052 Thread 0x000000001c43b000 Exception <a 'sun/nio/fs/WindowsException'> (0x00000000cec56898) thrown at [C:\re\workspace\8-2-build-windows-amd64-cygwin\jdk8u171\10807\hotspot\src\share\vm\prims\jni.cpp, line 709]
Event: 418.053 Thread 0x000000001c43b000 Exception <a 'sun/nio/fs/WindowsException'> (0x00000000cec57d08) thrown at [C:\re\workspace\8-2-build-windows-amd64-cygwin\jdk8u171\10807\hotspot\src\share\vm\prims\jni.cpp, line 709]
Event: 418.058 Thread 0x000000001c43b000 Exception <a 'sun/nio/fs/WindowsException'> (0x00000000cec61c88) thrown at [C:\re\workspace\8-2-build-windows-amd64-cygwin\jdk8u171\10807\hotspot\src\share\vm\prims\jni.cpp, line 709]
Event: 418.058 Thread 0x000000001c43b000 Exception <a 'sun/nio/fs/WindowsException'> (0x00000000cec630d0) thrown at [C:\re\workspace\8-2-build-windows-amd64-cygwin\jdk8u171\10807\hotspot\src\share\vm\prims\jni.cpp, line 709]
Event: 418.064 Thread 0x000000001c43b000 Exception <a 'sun/nio/fs/WindowsException'> (0x00000000cec6d190) thrown at [C:\re\workspace\8-2-build-windows-amd64-cygwin\jdk8u171\10807\hotspot\src\share\vm\prims\jni.cpp, line 709]
Event: 418.065 Thread 0x000000001c43b000 Exception <a 'sun/nio/fs/WindowsException'> (0x00000000cec6e5f0) thrown at [C:\re\workspace\8-2-build-windows-amd64-cygwin\jdk8u171\10807\hotspot\src\share\vm\prims\jni.cpp, line 709]
Event: 418.071 Thread 0x000000001c43b000 Exception <a 'sun/nio/fs/WindowsException'> (0x00000000cec7bde0) thrown at [C:\re\workspace\8-2-build-windows-amd64-cygwin\jdk8u171\10807\hotspot\src\share\vm\prims\jni.cpp, line 709]
Event: 418.072 Thread 0x000000001c43b000 Exception <a 'sun/nio/fs/WindowsException'> (0x00000000cec7d240) thrown at [C:\re\workspace\8-2-build-windows-amd64-cygwin\jdk8u171\10807\hotspot\src\share\vm\prims\jni.cpp, line 709]
Event: 418.086 Thread 0x000000001c43b000 Exception <a 'sun/nio/fs/WindowsException'> (0x00000000cec884f8) thrown at [C:\re\workspace\8-2-build-windows-amd64-cygwin\jdk8u171\10807\hotspot\src\share\vm\prims\jni.cpp, line 709]
Event: 418.087 Thread 0x000000001c43b000 Exception <a 'sun/nio/fs/WindowsException'> (0x00000000cec89960) thrown at [C:\re\workspace\8-2-build-windows-amd64-cygwin\jdk8u171\10807\hotspot\src\share\vm\prims\jni.cpp, line 709]

Events (10 events):
Event: 418.692 Thread 0x000000001ad42000 flushing nmethod 0x0000000005b85a50
Event: 418.692 Thread 0x000000001c43b000 Uncommon trap: trap_request=0xffffff65 fr.pc=0x0000000005f1fc24
Event: 418.692 Thread 0x000000001c43b000 DEOPT PACKING pc=0x0000000005f1fc24 sp=0x000000001e2dd650
Event: 418.692 Thread 0x000000001c43b000 DEOPT UNPACKING pc=0x000000000515583b sp=0x000000001e2dd610 mode 2
Event: 418.718 Thread 0x000000001c43b000 Uncommon trap: trap_request=0xffffffc6 fr.pc=0x0000000006b1ab3c
Event: 418.718 Thread 0x000000001c43b000 DEOPT PACKING pc=0x0000000006b1ab3c sp=0x000000001e2dda20
Event: 418.718 Thread 0x000000001c43b000 DEOPT UNPACKING pc=0x000000000515583b sp=0x000000001e2dd9e8 mode 2
Event: 418.718 Thread 0x000000001c43b000 Uncommon trap: trap_request=0xffffffc6 fr.pc=0x0000000006b1ab3c
Event: 418.718 Thread 0x000000001c43b000 DEOPT PACKING pc=0x0000000006b1ab3c sp=0x000000001e2dda20
Event: 418.718 Thread 0x000000001c43b000 DEOPT UNPACKING pc=0x000000000515583b sp=0x000000001e2dd9e8 mode 2


Dynamic libraries:
0x00007ff78a090000 - 0x00007ff78a0c7000 	D:\Java\jdk1.8.0_171\bin\java.exe
0x00007ffabf930000 - 0x00007ffabfb11000 	C:\WINDOWS\SYSTEM32\ntdll.dll
0x00007ffabd790000 - 0x00007ffabd841000 	C:\WINDOWS\System32\KERNEL32.DLL
0x00007ffabcb40000 - 0x00007ffabcdb3000 	C:\WINDOWS\System32\KERNELBASE.dll
0x00007ffaa7d20000 - 0x00007ffaa7d37000 	C:\InetPub\ftproot\Tipray\Ldterm\ghijt64.DLL
0x00007ffabf5e0000 - 0x00007ffabf681000 	C:\WINDOWS\System32\ADVAPI32.dll
0x00007ffabda80000 - 0x00007ffabdb1e000 	C:\WINDOWS\System32\msvcrt.dll
0x00007ffabd400000 - 0x00007ffabd45b000 	C:\WINDOWS\System32\sechost.dll
0x00007ffabd8f0000 - 0x00007ffabda14000 	C:\WINDOWS\System32\RPCRT4.dll
0x00007ffabf3c0000 - 0x00007ffabf550000 	C:\WINDOWS\System32\USER32.dll
0x00007ffabc180000 - 0x00007ffabc1a0000 	C:\WINDOWS\System32\win32u.dll
0x00007ffabf360000 - 0x00007ffabf388000 	C:\WINDOWS\System32\GDI32.dll
0x00007ffabc1a0000 - 0x00007ffabc332000 	C:\WINDOWS\System32\gdi32full.dll
0x00007ffabca50000 - 0x00007ffabcaef000 	C:\WINDOWS\System32\msvcp_win.dll
0x00007ffabc080000 - 0x00007ffabc178000 	C:\WINDOWS\System32\ucrtbase.dll
0x00007ffaac450000 - 0x00007ffaac6b9000 	C:\WINDOWS\WinSxS\amd64_microsoft.windows.common-controls_6595b64144ccf1df_6.0.17134.765_none_fb42a1a930655896\COMCTL32.dll
0x00007ffabd460000 - 0x00007ffabd782000 	C:\WINDOWS\System32\combase.dll
0x00007ffabbe10000 - 0x00007ffabbe8a000 	C:\WINDOWS\System32\bcryptPrimitives.dll
0x00007ffaa7a80000 - 0x00007ffaa7aac000 	C:\Inetpub\ftproot\Tipray\LdTerm\LdHook64.dll
0x00007ffabf780000 - 0x00007ffabf8d1000 	C:\WINDOWS\System32\ole32.dll
0x00007ffab4c30000 - 0x00007ffab4cb5000 	C:\WINDOWS\SYSTEM32\WINSPOOL.DRV
0x00007ffabbca0000 - 0x00007ffabbcb1000 	C:\WINDOWS\System32\kernel.appcore.dll
0x00007ffab8190000 - 0x00007ffab8344000 	C:\WINDOWS\SYSTEM32\PROPSYS.dll
0x00007ffabcdc0000 - 0x00007ffabce82000 	C:\WINDOWS\System32\OLEAUT32.dll
0x00007ffabce90000 - 0x00007ffabcf39000 	C:\WINDOWS\System32\shcore.dll
0x00007ffabb240000 - 0x00007ffabb278000 	C:\WINDOWS\SYSTEM32\IPHLPAPI.DLL
0x00007ffabb7a0000 - 0x00007ffabb7c5000 	C:\WINDOWS\SYSTEM32\bcrypt.dll
0x00007ffabf390000 - 0x00007ffabf3bd000 	C:\WINDOWS\System32\IMM32.DLL
0x00007ffaa6e90000 - 0x00007ffaa6eeb000 	C:\Inetpub\ftproot\Tipray\LdTerm\ghhlp64.dll
0x00007ffaa52a0000 - 0x00007ffaa5335000 	C:\Inetpub\ftproot\Tipray\LdTerm\LdSSDTHook64.dll
0x00000000683f0000 - 0x00000000684c2000 	D:\Java\jdk1.8.0_171\jre\bin\msvcr100.dll
0x0000000067b50000 - 0x00000000683f0000 	D:\Java\jdk1.8.0_171\jre\bin\server\jvm.dll
0x00007ffabf160000 - 0x00007ffabf168000 	C:\WINDOWS\System32\PSAPI.DLL
0x00007ffaba8d0000 - 0x00007ffaba8d9000 	C:\WINDOWS\SYSTEM32\WSOCK32.dll
0x00007ffabcf40000 - 0x00007ffabcfac000 	C:\WINDOWS\System32\WS2_32.dll
0x00007ffab8930000 - 0x00007ffab8953000 	C:\WINDOWS\SYSTEM32\WINMM.dll
0x00007ffaba8b0000 - 0x00007ffaba8ba000 	C:\WINDOWS\SYSTEM32\VERSION.dll
0x00007ffab8900000 - 0x00007ffab892a000 	C:\WINDOWS\SYSTEM32\WINMMBASE.dll
0x00007ffabcaf0000 - 0x00007ffabcb39000 	C:\WINDOWS\System32\cfgmgr32.dll
0x0000000068c80000 - 0x0000000068c8f000 	D:\Java\jdk1.8.0_171\jre\bin\verify.dll
0x0000000068c50000 - 0x0000000068c79000 	D:\Java\jdk1.8.0_171\jre\bin\java.dll
0x0000000068c30000 - 0x0000000068c46000 	D:\Java\jdk1.8.0_171\jre\bin\zip.dll
0x00007ffabdb20000 - 0x00007ffabef60000 	C:\WINDOWS\System32\SHELL32.dll
0x00007ffabc340000 - 0x00007ffabca4d000 	C:\WINDOWS\System32\windows.storage.dll
0x00007ffabf300000 - 0x00007ffabf351000 	C:\WINDOWS\System32\shlwapi.dll
0x00007ffabbcc0000 - 0x00007ffabbcdf000 	C:\WINDOWS\System32\profapi.dll
0x00007ffabbc50000 - 0x00007ffabbc9c000 	C:\WINDOWS\System32\powrprof.dll
0x00007ffabbc40000 - 0x00007ffabbc4a000 	C:\WINDOWS\System32\FLTLIB.DLL
0x00007ffabb670000 - 0x00007ffabb687000 	C:\WINDOWS\SYSTEM32\CRYPTSP.dll
0x00007ffabb0a0000 - 0x00007ffabb0d3000 	C:\WINDOWS\system32\rsaenh.dll
0x00007ffabbb40000 - 0x00007ffabbb68000 	C:\WINDOWS\SYSTEM32\USERENV.dll
0x00007ffabb690000 - 0x00007ffabb69b000 	C:\WINDOWS\SYSTEM32\CRYPTBASE.dll
0x0000000067b30000 - 0x0000000067b4a000 	D:\Java\jdk1.8.0_171\jre\bin\net.dll
0x00007ffabb4c0000 - 0x00007ffabb526000 	C:\WINDOWS\system32\mswsock.dll
0x00007ffabf550000 - 0x00007ffabf558000 	C:\WINDOWS\System32\NSI.dll
0x00007ffab7320000 - 0x00007ffab7336000 	C:\WINDOWS\SYSTEM32\dhcpcsvc6.DLL
0x00007ffab6f70000 - 0x00007ffab6f8a000 	C:\WINDOWS\SYSTEM32\dhcpcsvc.DLL
0x0000000067b10000 - 0x0000000067b21000 	D:\Java\jdk1.8.0_171\jre\bin\nio.dll
0x00007ffaab1b0000 - 0x00007ffaab1d9000 	C:\Users\liuguangqing\.vscode\extensions\redhat.java-0.45.0\server\config_win\org.eclipse.equinox.launcher\org.eclipse.equinox.launcher.win32.win32.x86_64_1.1.1000.v20190125-2016\eclipse_1801.dll
0x00007ffab5450000 - 0x00007ffab5461000 	C:\Users\liuguangqing\.vscode\extensions\redhat.java-0.45.0\server\config_win\org.eclipse.osgi\20\0\.cp\jWinHttp-1.0.0.dll
0x00007ffab7160000 - 0x00007ffab723d000 	C:\WINDOWS\SYSTEM32\WINHTTP.dll
0x0000000067ae0000 - 0x0000000067b04000 	D:\Java\jdk1.8.0_171\jre\bin\sunec.dll
0x0000000067ad0000 - 0x0000000067adb000 	D:\Java\jdk1.8.0_171\jre\bin\sunmscapi.dll
0x00007ffabbe90000 - 0x00007ffabc072000 	C:\WINDOWS\System32\CRYPT32.dll
0x00007ffabbce0000 - 0x00007ffabbcf2000 	C:\WINDOWS\System32\MSASN1.dll
0x00007ffabb280000 - 0x00007ffabb33e000 	C:\WINDOWS\SYSTEM32\DNSAPI.dll
0x00007ffab4aa0000 - 0x00007ffab4aaa000 	C:\Windows\System32\rasadhlp.dll
0x00007ffab7d40000 - 0x00007ffab7db2000 	C:\WINDOWS\System32\fwpuclnt.dll
0x00007ffa9b9c0000 - 0x00007ffa9b9d6000 	C:\WINDOWS\system32\napinsp.dll
0x00007ffa9b9a0000 - 0x00007ffa9b9ba000 	C:\WINDOWS\system32\pnrpnsp.dll
0x00007ffab8470000 - 0x00007ffab8489000 	C:\WINDOWS\system32\NLAapi.dll
0x00007ffa9b990000 - 0x00007ffa9b99e000 	C:\WINDOWS\System32\winrnr.dll
0x00007ffab2670000 - 0x00007ffab2685000 	C:\WINDOWS\System32\wshbth.dll

VM Arguments:
jvm_args: -Declipse.application=org.eclipse.jdt.ls.core.id1 -Dosgi.bundles.defaultStartLevel=4 -Declipse.product=org.eclipse.jdt.ls.core.product -Dfile.encoding=utf8 -DwatchParentProcess=false -Xverify:none -Xmx1G -XX:+UseG1GC -XX:+UseStringDeduplication 
java_command: C:\Users\liuguangqing\.vscode\extensions\redhat.java-0.45.0\server\plugins\org.eclipse.equinox.launcher_1.5.400.v20190514-1658.jar -configuration C:\Users\liuguangqing\.vscode\extensions\redhat.java-0.45.0\server\config_win -data c:\Users\liuguangqing\AppData\Roaming\Code\User\workspaceStorage\8a132424db52ee3458e5256d746477d5\redhat.java\jdt_ws
java_class_path (initial): C:\Users\liuguangqing\.vscode\extensions\redhat.java-0.45.0\server\plugins\org.eclipse.equinox.launcher_1.5.400.v20190514-1658.jar
Launcher Type: SUN_STANDARD

Environment Variables:
JAVA_HOME=D:\Java\jdk1.8.0_171
CLASSPATH=.;D:\Java\jdk1.8.0_171\lib;D:\Java\jdk1.8.0_171\lib\tools.jar;
PATH=D:\;C:\Program Files (x86)\Common Files\Oracle\Java\javapath;C:\Python27\;C:\Python27\Scripts;C:\WINDOWS\system32;C:\WINDOWS;C:\WINDOWS\System32\Wbem;C:\WINDOWS\System32\WindowsPowerShell\v1.0\;C:\Program Files\nodejs\;C:\Program Files\Git\cmd;C:\WINDOWS\System32\OpenSSH\;C:\ProgramData\chocolatey\bin;D:\Java\jdk1.8.0_171\bin;D:\Java\jdk1.8.0_171\jre\bin;;D:\Microsoft VS Code\bin;C:\Users\liuguangqing\AppData\Local\Microsoft\WindowsApps;;D:\Microsoft VS Code\bin;C:\Users\liuguangqing\AppData\Roaming\npm
USERNAME=liuguangqing
OS=Windows_NT
PROCESSOR_IDENTIFIER=Intel64 Family 6 Model 142 Stepping 9, GenuineIntel



---------------  S Y S T E M  ---------------

OS: Windows 10.0 , 64 bit Build 17134 (10.0.17134.753)

CPU:total 4 (initial active 4) (2 cores per cpu, 2 threads per core) family 6 model 142 stepping 9, cmov, cx8, fxsr, mmx, sse, sse2, sse3, ssse3, sse4.1, sse4.2, popcnt, avx, avx2, aes, clmul, erms, 3dnowpref, lzcnt, ht, tsc, tscinvbit, bmi1, bmi2, adx

Memory: 4k page, physical 16210944k(3781004k free), swap 26696828k(2948k free)

vm_info: Java HotSpot(TM) 64-Bit Server VM (25.171-b11) for windows-amd64 JRE (1.8.0_171-b11), built on Mar 28 2018 16:06:12 by "java_re" with MS VC++ 10.0 (VS2010)

time: Tue Jun 04 18:53:04 2019
elapsed time: 418 seconds (0d 0h 6m 58s)

